-------------------------------------------------------------------------------
Test set: com.chenyf.drools.SpringBootDroolsApplicationTests
-------------------------------------------------------------------------------
Tests run: 1, Failures: 0, Errors: 1, Skipped: 0, Time elapsed: 1.704 s <<< FAILURE! - in com.chenyf.drools.SpringBootDroolsApplicationTests
contextLoads(com.chenyf.drools.SpringBootDroolsApplicationTests)  Time elapsed: 0.007 s  <<< ERROR!
java.lang.IllegalStateException: Failed to load ApplicationContext
Caused by: org.springframework.beans.factory.UnsatisfiedDependencyException: Error creating bean with name 'droolsController': Unsatisfied dependency expressed through field 'kieSession'; nested exception is org.springframework.beans.factory.BeanCreationException: Error creating bean with name 'kieSession' defined in class path resource [com/chenyf/drools/DroolsConfig.class]: Bean instantiation via factory method failed; nested exception is org.springframework.beans.BeanInstantiationException: Failed to instantiate [org.kie.api.runtime.KieSession]: Factory method 'kieSession' threw exception; nested exception is org.springframework.beans.factory.BeanCreationException: Error creating bean with name 'kieContainer' defined in class path resource [com/chenyf/drools/DroolsConfig.class]: Bean instantiation via factory method failed; nested exception is org.springframework.beans.BeanInstantiationException: Failed to instantiate [org.kie.api.runtime.KieContainer]: Factory method 'kieContainer' threw exception; nested exception is java.lang.RuntimeException: Unable to get LastModified for ClasspathResource
Caused by: org.springframework.beans.factory.BeanCreationException: Error creating bean with name 'kieSession' defined in class path resource [com/chenyf/drools/DroolsConfig.class]: Bean instantiation via factory method failed; nested exception is org.springframework.beans.BeanInstantiationException: Failed to instantiate [org.kie.api.runtime.KieSession]: Factory method 'kieSession' threw exception; nested exception is org.springframework.beans.factory.BeanCreationException: Error creating bean with name 'kieContainer' defined in class path resource [com/chenyf/drools/DroolsConfig.class]: Bean instantiation via factory method failed; nested exception is org.springframework.beans.BeanInstantiationException: Failed to instantiate [org.kie.api.runtime.KieContainer]: Factory method 'kieContainer' threw exception; nested exception is java.lang.RuntimeException: Unable to get LastModified for ClasspathResource
Caused by: org.springframework.beans.BeanInstantiationException: Failed to instantiate [org.kie.api.runtime.KieSession]: Factory method 'kieSession' threw exception; nested exception is org.springframework.beans.factory.BeanCreationException: Error creating bean with name 'kieContainer' defined in class path resource [com/chenyf/drools/DroolsConfig.class]: Bean instantiation via factory method failed; nested exception is org.springframework.beans.BeanInstantiationException: Failed to instantiate [org.kie.api.runtime.KieContainer]: Factory method 'kieContainer' threw exception; nested exception is java.lang.RuntimeException: Unable to get LastModified for ClasspathResource
Caused by: org.springframework.beans.factory.BeanCreationException: Error creating bean with name 'kieContainer' defined in class path resource [com/chenyf/drools/DroolsConfig.class]: Bean instantiation via factory method failed; nested exception is org.springframework.beans.BeanInstantiationException: Failed to instantiate [org.kie.api.runtime.KieContainer]: Factory method 'kieContainer' threw exception; nested exception is java.lang.RuntimeException: Unable to get LastModified for ClasspathResource
Caused by: org.springframework.beans.BeanInstantiationException: Failed to instantiate [org.kie.api.runtime.KieContainer]: Factory method 'kieContainer' threw exception; nested exception is java.lang.RuntimeException: Unable to get LastModified for ClasspathResource
Caused by: java.lang.RuntimeException: Unable to get LastModified for ClasspathResource
Caused by: java.io.FileNotFoundException: 'product_rule.drl' cannot be opened because it does not exist

